<?xml version="1.0" encoding="utf-8"?>
<!DOCTYPE coverage SYSTEM "http://cobertura.sourceforge.net/xml/coverage-04.dtd">
<coverage line-rate="0.9626307922272048" branch-rate="0.9803921568627451" lines-covered="644" lines-valid="669" branches-covered="100" branches-valid="102" complexity="193" version="0" timestamp="1606914237">
  <sources>
    <source>C:\Users\Colakovic\</source>
  </sources>
  <packages>
    <package name="Domari" line-rate="0.9897260273972602" branch-rate="0.9803921568627451" complexity="147">
      <classes>
        <class name="Domari.Korisnik" filename="C:\Users\Colakovic\Downloads\DomariZ2\VerifikacijaIValidacijaSoftvera-Vjezbe-z2-GrupaRS-2\Domari\Domari\Korisnik.cs" line-rate="1" branch-rate="1" complexity="13">
          <methods>
            <method name="get_Username" signature="()" line-rate="1" branch-rate="1" complexity="1">
              <lines>
                <line number="20" hits="1" branch="false" />
              </lines>
            </method>
            <method name="set_Username" signature="(...)" line-rate="1" branch-rate="1" complexity="2">
              <lines>
                <line number="22" hits="46" branch="false" />
                <line number="23" hits="46" branch="true" condition-coverage="100% (2/2)" />
                <line number="24" hits="1" branch="false" />
                <line number="26" hits="45" branch="false" />
                <line number="27" hits="45" branch="false" />
              </lines>
            </method>
            <method name="set_Password" signature="(...)" line-rate="1" branch-rate="1" complexity="6">
              <lines>
                <line number="33" hits="45" branch="false" />
                <line number="34" hits="45" branch="true" condition-coverage="100% (6/6)" />
                <line number="35" hits="45" branch="false" />
                <line number="36" hits="45" branch="false" />
                <line number="37" hits="1" branch="false" />
                <line number="39" hits="44" branch="false" />
                <line number="40" hits="44" branch="false" />
              </lines>
            </method>
            <method name="PromjenaPassworda" signature="(...)" line-rate="1" branch-rate="1" complexity="2">
              <lines>
                <line number="69" hits="2" branch="false" />
                <line number="71" hits="2" branch="false" />
                <line number="72" hits="2" branch="true" condition-coverage="100% (2/2)" />
                <line number="73" hits="1" branch="false" />
                <line number="74" hits="1" branch="false" />
                <line number="75" hits="1" branch="false" />
                <line number="77" hits="1" branch="false" />
                <line number="78" hits="1" branch="false" />
                <line number="81" hits="1" branch="false" />
              </lines>
            </method>
            <method name=".ctor" signature="(...)" line-rate="1" branch-rate="1" complexity="1">
              <lines>
                <line number="46" hits="46" branch="false" />
                <line number="47" hits="46" branch="false" />
                <line number="48" hits="46" branch="false" />
                <line number="49" hits="45" branch="false" />
                <line number="50" hits="44" branch="false" />
              </lines>
            </method>
            <method name=".ctor" signature="()" line-rate="1" branch-rate="1" complexity="1">
              <lines>
                <line number="52" hits="1" branch="false" />
                <line number="53" hits="1" branch="false" />
                <line number="55" hits="1" branch="false" />
              </lines>
            </method>
          </methods>
          <lines>
            <line number="20" hits="1" branch="false" />
            <line number="22" hits="46" branch="false" />
            <line number="23" hits="46" branch="true" condition-coverage="100% (2/2)" />
            <line number="24" hits="1" branch="false" />
            <line number="26" hits="45" branch="false" />
            <line number="27" hits="45" branch="false" />
            <line number="33" hits="45" branch="false" />
            <line number="34" hits="45" branch="true" condition-coverage="100% (6/6)" />
            <line number="35" hits="45" branch="false" />
            <line number="36" hits="45" branch="false" />
            <line number="37" hits="1" branch="false" />
            <line number="39" hits="44" branch="false" />
            <line number="40" hits="44" branch="false" />
            <line number="46" hits="46" branch="false" />
            <line number="47" hits="46" branch="false" />
            <line number="48" hits="46" branch="false" />
            <line number="49" hits="45" branch="false" />
            <line number="50" hits="44" branch="false" />
            <line number="52" hits="1" branch="false" />
            <line number="53" hits="1" branch="false" />
            <line number="55" hits="1" branch="false" />
            <line number="69" hits="2" branch="false" />
            <line number="71" hits="2" branch="false" />
            <line number="72" hits="2" branch="true" condition-coverage="100% (2/2)" />
            <line number="73" hits="1" branch="false" />
            <line number="74" hits="1" branch="false" />
            <line number="75" hits="1" branch="false" />
            <line number="77" hits="1" branch="false" />
            <line number="78" hits="1" branch="false" />
            <line number="81" hits="1" branch="false" />
          </lines>
        </class>
        <class name="Domari.LicniPodaci" filename="C:\Users\Colakovic\Downloads\DomariZ2\VerifikacijaIValidacijaSoftvera-Vjezbe-z2-GrupaRS-2\Domari\Domari\LicniPodaci.cs" line-rate="0.95" branch-rate="0.9166666666666666" complexity="36">
          <methods>
            <method name="get_Ime" signature="()" line-rate="1" branch-rate="1" complexity="1">
              <lines>
                <line number="28" hits="1" branch="false" />
              </lines>
            </method>
            <method name="set_Ime" signature="(...)" line-rate="1" branch-rate="0.8333333333333334" complexity="6">
              <lines>
                <line number="30" hits="46" branch="false" />
                <line number="31" hits="46" branch="true" condition-coverage="83% (5/6)" />
                <line number="32" hits="46" branch="false" />
                <line number="33" hits="46" branch="false" />
                <line number="34" hits="1" branch="false" />
                <line number="36" hits="45" branch="false" />
                <line number="37" hits="45" branch="false" />
              </lines>
            </method>
            <method name="get_Prezime" signature="()" line-rate="1" branch-rate="1" complexity="1">
              <lines>
                <line number="42" hits="1" branch="false" />
              </lines>
            </method>
            <method name="set_Prezime" signature="(...)" line-rate="1" branch-rate="0.8333333333333334" complexity="6">
              <lines>
                <line number="44" hits="45" branch="false" />
                <line number="45" hits="45" branch="true" condition-coverage="83% (5/6)" />
                <line number="46" hits="45" branch="false" />
                <line number="47" hits="45" branch="false" />
                <line number="48" hits="1" branch="false" />
                <line number="50" hits="44" branch="false" />
                <line number="51" hits="44" branch="false" />
              </lines>
            </method>
            <method name="get_MjestoRodjenja" signature="()" line-rate="1" branch-rate="1" complexity="1">
              <lines>
                <line number="56" hits="1" branch="false" />
              </lines>
            </method>
            <method name="set_MjestoRodjenja" signature="(...)" line-rate="1" branch-rate="1" complexity="2">
              <lines>
                <line number="58" hits="44" branch="false" />
                <line number="59" hits="44" branch="true" condition-coverage="100% (2/2)" />
                <line number="60" hits="1" branch="false" />
                <line number="62" hits="43" branch="false" />
                <line number="63" hits="43" branch="false" />
              </lines>
            </method>
            <method name="get_Email" signature="()" line-rate="1" branch-rate="1" complexity="1">
              <lines>
                <line number="68" hits="1" branch="false" />
              </lines>
            </method>
            <method name="set_Email" signature="(...)" line-rate="1" branch-rate="1" complexity="2">
              <lines>
                <line number="70" hits="43" branch="false" />
                <line number="71" hits="43" branch="true" condition-coverage="100% (2/2)" />
                <line number="72" hits="1" branch="false" />
                <line number="74" hits="42" branch="false" />
                <line number="75" hits="42" branch="false" />
              </lines>
            </method>
            <method name="get_Slika" signature="()" line-rate="1" branch-rate="1" complexity="1">
              <lines>
                <line number="80" hits="1" branch="false" />
              </lines>
            </method>
            <method name="set_Slika" signature="(...)" line-rate="1" branch-rate="1" complexity="1">
              <lines>
                <line number="81" hits="42" branch="false" />
              </lines>
            </method>
            <method name="get_JMBG" signature="()" line-rate="1" branch-rate="1" complexity="1">
              <lines>
                <line number="86" hits="1" branch="false" />
              </lines>
            </method>
            <method name="set_JMBG" signature="(...)" line-rate="1" branch-rate="1" complexity="6">
              <lines>
                <line number="88" hits="42" branch="false" />
                <line number="89" hits="42" branch="true" condition-coverage="100% (6/6)" />
                <line number="90" hits="42" branch="false" />
                <line number="91" hits="42" branch="false" />
                <line number="92" hits="1" branch="false" />
                <line number="94" hits="41" branch="false" />
                <line number="95" hits="41" branch="false" />
              </lines>
            </method>
            <method name="get_Spol" signature="()" line-rate="1" branch-rate="1" complexity="1">
              <lines>
                <line number="100" hits="1" branch="false" />
              </lines>
            </method>
            <method name="set_Spol" signature="(...)" line-rate="1" branch-rate="1" complexity="1">
              <lines>
                <line number="101" hits="41" branch="false" />
              </lines>
            </method>
            <method name="get_DatumRodjenja" signature="()" line-rate="1" branch-rate="1" complexity="1">
              <lines>
                <line number="106" hits="1" branch="false" />
              </lines>
            </method>
            <method name="set_DatumRodjenja" signature="(...)" line-rate="1" branch-rate="1" complexity="2">
              <lines>
                <line number="108" hits="41" branch="false" />
                <line number="109" hits="41" branch="true" condition-coverage="100% (2/2)" />
                <line number="110" hits="1" branch="false" />
                <line number="112" hits="40" branch="false" />
                <line number="113" hits="40" branch="false" />
              </lines>
            </method>
            <method name=".ctor" signature="(...)" line-rate="1" branch-rate="1" complexity="1">
              <lines>
                <line number="120" hits="46" branch="false" />
                <line number="121" hits="46" branch="false" />
                <line number="122" hits="46" branch="false" />
                <line number="123" hits="45" branch="false" />
                <line number="124" hits="44" branch="false" />
                <line number="125" hits="43" branch="false" />
                <line number="126" hits="42" branch="false" />
                <line number="127" hits="42" branch="false" />
                <line number="128" hits="41" branch="false" />
                <line number="129" hits="41" branch="false" />
                <line number="130" hits="40" branch="false" />
              </lines>
            </method>
            <method name=".ctor" signature="()" line-rate="0" branch-rate="1" complexity="1">
              <lines>
                <line number="132" hits="0" branch="false" />
                <line number="133" hits="0" branch="false" />
                <line number="135" hits="0" branch="false" />
              </lines>
            </method>
          </methods>
          <lines>
            <line number="28" hits="1" branch="false" />
            <line number="30" hits="46" branch="false" />
            <line number="31" hits="46" branch="true" condition-coverage="83% (5/6)" />
            <line number="32" hits="46" branch="false" />
            <line number="33" hits="46" branch="false" />
            <line number="34" hits="1" branch="false" />
            <line number="36" hits="45" branch="false" />
            <line number="37" hits="45" branch="false" />
            <line number="42" hits="1" branch="false" />
            <line number="44" hits="45" branch="false" />
            <line number="45" hits="45" branch="true" condition-coverage="83% (5/6)" />
            <line number="46" hits="45" branch="false" />
            <line number="47" hits="45" branch="false" />
            <line number="48" hits="1" branch="false" />
            <line number="50" hits="44" branch="false" />
            <line number="51" hits="44" branch="false" />
            <line number="56" hits="1" branch="false" />
            <line number="58" hits="44" branch="false" />
            <line number="59" hits="44" branch="true" condition-coverage="100% (2/2)" />
            <line number="60" hits="1" branch="false" />
            <line number="62" hits="43" branch="false" />
            <line number="63" hits="43" branch="false" />
            <line number="68" hits="1" branch="false" />
            <line number="70" hits="43" branch="false" />
            <line number="71" hits="43" branch="true" condition-coverage="100% (2/2)" />
            <line number="72" hits="1" branch="false" />
            <line number="74" hits="42" branch="false" />
            <line number="75" hits="42" branch="false" />
            <line number="80" hits="1" branch="false" />
            <line number="81" hits="42" branch="false" />
            <line number="86" hits="1" branch="false" />
            <line number="88" hits="42" branch="false" />
            <line number="89" hits="42" branch="true" condition-coverage="100% (6/6)" />
            <line number="90" hits="42" branch="false" />
            <line number="91" hits="42" branch="false" />
            <line number="92" hits="1" branch="false" />
            <line number="94" hits="41" branch="false" />
            <line number="95" hits="41" branch="false" />
            <line number="100" hits="1" branch="false" />
            <line number="101" hits="41" branch="false" />
            <line number="106" hits="1" branch="false" />
            <line number="108" hits="41" branch="false" />
            <line number="109" hits="41" branch="true" condition-coverage="100% (2/2)" />
            <line number="110" hits="1" branch="false" />
            <line number="112" hits="40" branch="false" />
            <line number="113" hits="40" branch="false" />
            <line number="120" hits="46" branch="false" />
            <line number="121" hits="46" branch="false" />
            <line number="122" hits="46" branch="false" />
            <line number="123" hits="45" branch="false" />
            <line number="124" hits="44" branch="false" />
            <line number="125" hits="43" branch="false" />
            <line number="126" hits="42" branch="false" />
            <line number="127" hits="42" branch="false" />
            <line number="128" hits="41" branch="false" />
            <line number="129" hits="41" branch="false" />
            <line number="130" hits="40" branch="false" />
            <line number="132" hits="0" branch="false" />
            <line number="133" hits="0" branch="false" />
            <line number="135" hits="0" branch="false" />
          </lines>
        </class>
        <class name="Domari.Paviljon" filename="C:\Users\Colakovic\Downloads\DomariZ2\VerifikacijaIValidacijaSoftvera-Vjezbe-z2-GrupaRS-2\Domari\Domari\Paviljon.cs" line-rate="1" branch-rate="1" complexity="1">
          <methods>
            <method name="DajImePaviljona" signature="()" line-rate="1" branch-rate="1" complexity="1">
              <lines>
                <line number="14" hits="1" branch="false" />
                <line number="15" hits="1" branch="false" />
              </lines>
            </method>
          </methods>
          <lines>
            <line number="14" hits="1" branch="false" />
            <line number="15" hits="1" branch="false" />
          </lines>
        </class>
        <class name="Domari.Skolovanje" filename="C:\Users\Colakovic\Downloads\DomariZ2\VerifikacijaIValidacijaSoftvera-Vjezbe-z2-GrupaRS-2\Domari\Domari\Skolovanje.cs" line-rate="1" branch-rate="1" complexity="13">
          <methods>
            <method name="get_MaticniFakultet" signature="()" line-rate="1" branch-rate="1" complexity="1">
              <lines>
                <line number="20" hits="7" branch="false" />
              </lines>
            </method>
            <method name="set_MaticniFakultet" signature="(...)" line-rate="1" branch-rate="1" complexity="1">
              <lines>
                <line number="21" hits="3" branch="false" />
              </lines>
            </method>
            <method name="get_BrojIndeksa" signature="()" line-rate="1" branch-rate="1" complexity="1">
              <lines>
                <line number="25" hits="7" branch="false" />
              </lines>
            </method>
            <method name="set_BrojIndeksa" signature="(...)" line-rate="1" branch-rate="1" complexity="1">
              <lines>
                <line number="26" hits="1" branch="false" />
              </lines>
            </method>
            <method name="get_GodinaStudija" signature="()" line-rate="1" branch-rate="1" complexity="1">
              <lines>
                <line number="30" hits="3" branch="false" />
              </lines>
            </method>
            <method name="set_GodinaStudija" signature="(...)" line-rate="1" branch-rate="1" complexity="1">
              <lines>
                <line number="31" hits="49" branch="false" />
              </lines>
            </method>
            <method name="get_CiklusStudija" signature="()" line-rate="1" branch-rate="1" complexity="1">
              <lines>
                <line number="35" hits="5" branch="false" />
              </lines>
            </method>
            <method name="set_CiklusStudija" signature="(...)" line-rate="1" branch-rate="1" complexity="1">
              <lines>
                <line number="36" hits="48" branch="false" />
              </lines>
            </method>
            <method name="PromjenaGodineStudija" signature="(...)" line-rate="1" branch-rate="1" complexity="4">
              <lines>
                <line number="56" hits="4" branch="false" />
                <line number="57" hits="4" branch="false" />
                <line number="58" hits="4" branch="false" />
                <line number="59" hits="4" branch="true" condition-coverage="100% (2/2)" />
                <line number="60" hits="3" branch="true" condition-coverage="100% (2/2)" />
                <line number="62" hits="2" branch="false" />
                <line number="63" hits="2" branch="false" />
                <line number="65" hits="2" branch="false" />
              </lines>
            </method>
            <method name=".ctor" signature="()" line-rate="1" branch-rate="1" complexity="1">
              <lines>
                <line number="43" hits="42" branch="false" />
                <line number="44" hits="42" branch="false" />
                <line number="45" hits="42" branch="false" />
                <line number="46" hits="42" branch="false" />
                <line number="47" hits="42" branch="false" />
                <line number="48" hits="42" branch="false" />
                <line number="49" hits="42" branch="false" />
              </lines>
            </method>
          </methods>
          <lines>
            <line number="20" hits="7" branch="false" />
            <line number="21" hits="3" branch="false" />
            <line number="25" hits="7" branch="false" />
            <line number="26" hits="1" branch="false" />
            <line number="30" hits="3" branch="false" />
            <line number="31" hits="49" branch="false" />
            <line number="35" hits="5" branch="false" />
            <line number="36" hits="48" branch="false" />
            <line number="43" hits="42" branch="false" />
            <line number="44" hits="42" branch="false" />
            <line number="45" hits="42" branch="false" />
            <line number="46" hits="42" branch="false" />
            <line number="47" hits="42" branch="false" />
            <line number="48" hits="42" branch="false" />
            <line number="49" hits="42" branch="false" />
            <line number="56" hits="4" branch="false" />
            <line number="57" hits="4" branch="false" />
            <line number="58" hits="4" branch="false" />
            <line number="59" hits="4" branch="true" condition-coverage="100% (2/2)" />
            <line number="60" hits="3" branch="true" condition-coverage="100% (2/2)" />
            <line number="62" hits="2" branch="false" />
            <line number="63" hits="2" branch="false" />
            <line number="65" hits="2" branch="false" />
          </lines>
        </class>
        <class name="Domari.Soba" filename="C:\Users\Colakovic\Downloads\DomariZ2\VerifikacijaIValidacijaSoftvera-Vjezbe-z2-GrupaRS-2\Domari\Domari\Soba.cs" line-rate="1" branch-rate="1" complexity="23">
          <methods>
            <method name="get_BrojSobe" signature="()" line-rate="1" branch-rate="1" complexity="1">
              <lines>
                <line number="20" hits="12" branch="false" />
              </lines>
            </method>
            <method name="get_Kapacitet" signature="()" line-rate="1" branch-rate="1" complexity="1">
              <lines>
                <line number="25" hits="46" branch="false" />
              </lines>
            </method>
            <method name="set_Kapacitet" signature="(...)" line-rate="1" branch-rate="1" complexity="1">
              <lines>
                <line number="26" hits="3" branch="false" />
              </lines>
            </method>
            <method name="get_Stanari" signature="()" line-rate="1" branch-rate="1" complexity="1">
              <lines>
                <line number="31" hits="93" branch="false" />
              </lines>
            </method>
            <method name="DodajStanara" signature="(...)" line-rate="1" branch-rate="1" complexity="2">
              <lines>
                <line number="50" hits="25" branch="false" />
                <line number="51" hits="25" branch="true" condition-coverage="100% (2/2)" />
                <line number="52" hits="1" branch="false" />
                <line number="54" hits="24" branch="false" />
                <line number="55" hits="24" branch="false" />
              </lines>
            </method>
            <method name="IsprazniSobu" signature="()" line-rate="1" branch-rate="1" complexity="1">
              <lines>
                <line number="58" hits="1" branch="false" />
                <line number="59" hits="1" branch="false" />
                <line number="60" hits="1" branch="false" />
              </lines>
            </method>
            <method name="IzbaciStudenta" signature="(...)" line-rate="1" branch-rate="1" complexity="2">
              <lines>
                <line number="63" hits="3" branch="false" />
                <line number="64" hits="7" branch="false" />
                <line number="66" hits="3" branch="true" condition-coverage="100% (2/2)" />
                <line number="67" hits="1" branch="false" />
                <line number="69" hits="2" branch="false" />
                <line number="70" hits="2" branch="false" />
              </lines>
            </method>
            <method name="DaLiJeStanar" signature="(...)" line-rate="1" branch-rate="1" complexity="1">
              <lines>
                <line number="73" hits="16" branch="false" />
                <line number="74" hits="40" branch="false" />
                <line number="75" hits="16" branch="false" />
              </lines>
            </method>
            <method name="PromjenaBrojaSobe" signature="(...)" line-rate="1" branch-rate="1" complexity="12">
              <lines>
                <line number="87" hits="4" branch="false" />
                <line number="89" hits="4" branch="true" condition-coverage="100% (4/4)" />
                <line number="90" hits="1" branch="false" />
                <line number="91" hits="1" branch="false" />
                <line number="93" hits="3" branch="false" />
                <line number="94" hits="3" branch="true" condition-coverage="100% (2/2)" />
                <line number="95" hits="1" branch="false" />
                <line number="96" hits="1" branch="false" />
                <line number="97" hits="1" branch="false" />
                <line number="98" hits="2" branch="true" condition-coverage="100% (2/2)" />
                <line number="99" hits="1" branch="false" />
                <line number="100" hits="1" branch="false" />
                <line number="101" hits="1" branch="false" />
                <line number="102" hits="1" branch="true" condition-coverage="100% (2/2)" />
                <line number="103" hits="1" branch="false" />
                <line number="104" hits="1" branch="false" />
                <line number="105" hits="1" branch="false" />
                <line number="106" hits="3" branch="true" condition-coverage="100% (2/2)" />
                <line number="107" hits="1" branch="false" />
                <line number="108" hits="1" branch="false" />
                <line number="109" hits="1" branch="false" />
                <line number="112" hits="3" branch="false" />
              </lines>
            </method>
            <method name=".ctor" signature="(...)" line-rate="1" branch-rate="1" complexity="1">
              <lines>
                <line number="38" hits="233" branch="false" />
                <line number="39" hits="233" branch="false" />
                <line number="40" hits="233" branch="false" />
                <line number="41" hits="233" branch="false" />
                <line number="42" hits="233" branch="false" />
                <line number="43" hits="233" branch="false" />
              </lines>
            </method>
          </methods>
          <lines>
            <line number="20" hits="12" branch="false" />
            <line number="25" hits="46" branch="false" />
            <line number="26" hits="3" branch="false" />
            <line number="31" hits="93" branch="false" />
            <line number="38" hits="233" branch="false" />
            <line number="39" hits="233" branch="false" />
            <line number="40" hits="233" branch="false" />
            <line number="41" hits="233" branch="false" />
            <line number="42" hits="233" branch="false" />
            <line number="43" hits="233" branch="false" />
            <line number="50" hits="25" branch="false" />
            <line number="51" hits="25" branch="true" condition-coverage="100% (2/2)" />
            <line number="52" hits="1" branch="false" />
            <line number="54" hits="24" branch="false" />
            <line number="55" hits="24" branch="false" />
            <line number="58" hits="1" branch="false" />
            <line number="59" hits="1" branch="false" />
            <line number="60" hits="1" branch="false" />
            <line number="63" hits="3" branch="false" />
            <line number="64" hits="7" branch="false" />
            <line number="66" hits="3" branch="true" condition-coverage="100% (2/2)" />
            <line number="67" hits="1" branch="false" />
            <line number="69" hits="2" branch="false" />
            <line number="70" hits="2" branch="false" />
            <line number="73" hits="16" branch="false" />
            <line number="74" hits="40" branch="false" />
            <line number="75" hits="16" branch="false" />
            <line number="87" hits="4" branch="false" />
            <line number="89" hits="4" branch="true" condition-coverage="100% (4/4)" />
            <line number="90" hits="1" branch="false" />
            <line number="91" hits="1" branch="false" />
            <line number="93" hits="3" branch="false" />
            <line number="94" hits="3" branch="true" condition-coverage="100% (2/2)" />
            <line number="95" hits="1" branch="false" />
            <line number="96" hits="1" branch="false" />
            <line number="97" hits="1" branch="false" />
            <line number="98" hits="2" branch="true" condition-coverage="100% (2/2)" />
            <line number="99" hits="1" branch="false" />
            <line number="100" hits="1" branch="false" />
            <line number="101" hits="1" branch="false" />
            <line number="102" hits="1" branch="true" condition-coverage="100% (2/2)" />
            <line number="103" hits="1" branch="false" />
            <line number="104" hits="1" branch="false" />
            <line number="105" hits="1" branch="false" />
            <line number="106" hits="3" branch="true" condition-coverage="100% (2/2)" />
            <line number="107" hits="1" branch="false" />
            <line number="108" hits="1" branch="false" />
            <line number="109" hits="1" branch="false" />
            <line number="112" hits="3" branch="false" />
          </lines>
        </class>
        <class name="Domari.Student" filename="C:\Users\Colakovic\Downloads\DomariZ2\VerifikacijaIValidacijaSoftvera-Vjezbe-z2-GrupaRS-2\Domari\Domari\Student.cs" line-rate="1" branch-rate="1" complexity="16">
          <methods>
            <method name="get_IdentifikacioniBroj" signature="()" line-rate="1" branch-rate="1" complexity="1">
              <lines>
                <line number="24" hits="62" branch="false" />
              </lines>
            </method>
            <method name="get_Podaci" signature="()" line-rate="1" branch-rate="1" complexity="1">
              <lines>
                <line number="28" hits="1" branch="false" />
              </lines>
            </method>
            <method name="set_Podaci" signature="(...)" line-rate="1" branch-rate="1" complexity="1">
              <lines>
                <line number="29" hits="44" branch="false" />
              </lines>
            </method>
            <method name="get_Prebivaliste" signature="()" line-rate="1" branch-rate="1" complexity="1">
              <lines>
                <line number="33" hits="1" branch="false" />
              </lines>
            </method>
            <method name="set_Prebivaliste" signature="(...)" line-rate="1" branch-rate="1" complexity="1">
              <lines>
                <line number="34" hits="44" branch="false" />
              </lines>
            </method>
            <method name="get_Skolovanje" signature="()" line-rate="1" branch-rate="1" complexity="1">
              <lines>
                <line number="38" hits="23" branch="false" />
              </lines>
            </method>
            <method name="set_Skolovanje" signature="(...)" line-rate="1" branch-rate="1" complexity="1">
              <lines>
                <line number="39" hits="47" branch="false" />
              </lines>
            </method>
            <method name="get_StanjeRacuna" signature="()" line-rate="1" branch-rate="1" complexity="1">
              <lines>
                <line number="43" hits="1" branch="false" />
              </lines>
            </method>
            <method name="AzurirajStanjeRacuna" signature="(...)" line-rate="1" branch-rate="1" complexity="1">
              <lines>
                <line number="77" hits="1" branch="false" />
                <line number="78" hits="1" branch="false" />
                <line number="79" hits="1" branch="false" />
              </lines>
            </method>
            <method name="PromjenaInformacijaOSkolovanju" signature="(...)" line-rate="1" branch-rate="1" complexity="4">
              <lines>
                <line number="88" hits="3" branch="false" />
                <line number="90" hits="3" branch="true" condition-coverage="100% (4/4)" />
                <line number="91" hits="2" branch="false" />
                <line number="92" hits="2" branch="false" />
                <line number="93" hits="2" branch="false" />
                <line number="94" hits="2" branch="false" />
                <line number="95" hits="2" branch="false" />
                <line number="97" hits="2" branch="false" />
                <line number="98" hits="2" branch="false" />
                <line number="100" hits="1" branch="false" />
                <line number="102" hits="1" branch="false" />
                <line number="103" hits="1" branch="false" />
                <line number="105" hits="3" branch="false" />
              </lines>
            </method>
            <method name=".ctor" signature="(...)" line-rate="1" branch-rate="1" complexity="2">
              <lines>
                <line number="51" hits="46" branch="false" />
                <line number="52" hits="44" branch="false" />
                <line number="53" hits="44" branch="false" />
                <line number="54" hits="44" branch="false" />
                <line number="56" hits="44" branch="true" condition-coverage="100% (2/2)" />
                <line number="57" hits="28" branch="false" />
                <line number="59" hits="16" branch="false" />
                <line number="61" hits="44" branch="false" />
                <line number="62" hits="44" branch="false" />
                <line number="64" hits="44" branch="false" />
                <line number="65" hits="44" branch="false" />
              </lines>
            </method>
            <method name=".ctor" signature="()" line-rate="1" branch-rate="1" complexity="1">
              <lines>
                <line number="67" hits="1" branch="false" />
                <line number="68" hits="1" branch="false" />
                <line number="70" hits="1" branch="false" />
              </lines>
            </method>
          </methods>
          <lines>
            <line number="24" hits="62" branch="false" />
            <line number="28" hits="1" branch="false" />
            <line number="29" hits="44" branch="false" />
            <line number="33" hits="1" branch="false" />
            <line number="34" hits="44" branch="false" />
            <line number="38" hits="23" branch="false" />
            <line number="39" hits="47" branch="false" />
            <line number="43" hits="1" branch="false" />
            <line number="51" hits="46" branch="false" />
            <line number="52" hits="44" branch="false" />
            <line number="53" hits="44" branch="false" />
            <line number="54" hits="44" branch="false" />
            <line number="56" hits="44" branch="true" condition-coverage="100% (2/2)" />
            <line number="57" hits="28" branch="false" />
            <line number="59" hits="16" branch="false" />
            <line number="61" hits="44" branch="false" />
            <line number="62" hits="44" branch="false" />
            <line number="64" hits="44" branch="false" />
            <line number="65" hits="44" branch="false" />
            <line number="67" hits="1" branch="false" />
            <line number="68" hits="1" branch="false" />
            <line number="70" hits="1" branch="false" />
            <line number="77" hits="1" branch="false" />
            <line number="78" hits="1" branch="false" />
            <line number="79" hits="1" branch="false" />
            <line number="88" hits="3" branch="false" />
            <line number="90" hits="3" branch="true" condition-coverage="100% (4/4)" />
            <line number="91" hits="2" branch="false" />
            <line number="92" hits="2" branch="false" />
            <line number="93" hits="2" branch="false" />
            <line number="94" hits="2" branch="false" />
            <line number="95" hits="2" branch="false" />
            <line number="97" hits="2" branch="false" />
            <line number="98" hits="2" branch="false" />
            <line number="100" hits="1" branch="false" />
            <line number="102" hits="1" branch="false" />
            <line number="103" hits="1" branch="false" />
            <line number="105" hits="3" branch="false" />
          </lines>
        </class>
        <class name="Domari.StudentskiDom" filename="C:\Users\Colakovic\Downloads\DomariZ2\VerifikacijaIValidacijaSoftvera-Vjezbe-z2-GrupaRS-2\Domari\Domari\StudentskiDom.cs" line-rate="1" branch-rate="1" complexity="45">
          <methods>
            <method name="get_Studenti" signature="()" line-rate="1" branch-rate="1" complexity="1">
              <lines>
                <line number="21" hits="16" branch="false" />
              </lines>
            </method>
            <method name="get_Sobe" signature="()" line-rate="1" branch-rate="1" complexity="1">
              <lines>
                <line number="26" hits="256" branch="false" />
              </lines>
            </method>
            <method name="GenerišiSljedećiBroj" signature="()" line-rate="1" branch-rate="1" complexity="1">
              <lines>
                <line number="60" hits="42" branch="false" />
                <line number="62" hits="42" branch="false" />
                <line number="63" hits="42" branch="false" />
                <line number="64" hits="42" branch="false" />
                <line number="65" hits="42" branch="false" />
                <line number="66" hits="42" branch="false" />
              </lines>
            </method>
            <method name="RadSaStudentom" signature="(...)" line-rate="1" branch-rate="1" complexity="12">
              <lines>
                <line number="69" hits="9" branch="false" />
                <line number="70" hits="9" branch="true" condition-coverage="100% (2/2)" />
                <line number="71" hits="5" branch="false" />
                <line number="72" hits="5" branch="true" condition-coverage="100% (2/2)" />
                <line number="73" hits="1" branch="false" />
                <line number="74" hits="4" branch="false" />
                <line number="75" hits="4" branch="false" />
                <line number="76" hits="4" branch="true" condition-coverage="100% (2/2)" />
                <line number="77" hits="2" branch="false" />
                <line number="78" hits="4" branch="false" />
                <line number="79" hits="2" branch="true" condition-coverage="100% (2/2)" />
                <line number="80" hits="1" branch="false" />
                <line number="81" hits="1" branch="false" />
                <line number="82" hits="1" branch="false" />
                <line number="83" hits="2" branch="true" condition-coverage="100% (2/2)" />
                <line number="84" hits="2" branch="false" />
                <line number="85" hits="3" branch="false" />
                <line number="86" hits="2" branch="true" condition-coverage="100% (2/2)" />
                <line number="87" hits="1" branch="false" />
                <line number="88" hits="1" branch="false" />
                <line number="89" hits="1" branch="false" />
                <line number="90" hits="6" branch="false" />
              </lines>
            </method>
            <method name="UpisUDom" signature="(...)" line-rate="1" branch-rate="1" complexity="10">
              <lines>
                <line number="93" hits="9" branch="false" />
                <line number="94" hits="18" branch="true" condition-coverage="100% (2/2)" />
                <line number="95" hits="9" branch="true" condition-coverage="100% (4/4)" />
                <line number="96" hits="1" branch="false" />
                <line number="97" hits="8" branch="true" condition-coverage="100% (2/2)" />
                <line number="98" hits="2" branch="false" />
                <line number="99" hits="4" branch="false" />
                <line number="100" hits="2" branch="true" condition-coverage="100% (2/2)" />
                <line number="101" hits="1" branch="false" />
                <line number="102" hits="1" branch="false" />
                <line number="103" hits="1" branch="false" />
                <line number="105" hits="6" branch="false" />
                <line number="106" hits="7" branch="false" />
              </lines>
            </method>
            <method name="PromjenaSobe" signature="(...)" line-rate="1" branch-rate="1" complexity="4">
              <lines>
                <line number="120" hits="4" branch="false" />
                <line number="121" hits="10" branch="false" />
                <line number="122" hits="4" branch="true" condition-coverage="100% (2/2)" />
                <line number="123" hits="1" branch="false" />
                <line number="124" hits="1" branch="false" />
                <line number="125" hits="1" branch="false" />
                <line number="127" hits="3" branch="false" />
                <line number="128" hits="3" branch="true" condition-coverage="100% (2/2)" />
                <line number="129" hits="1" branch="false" />
                <line number="130" hits="1" branch="false" />
                <line number="131" hits="1" branch="false" />
                <line number="132" hits="1" branch="false" />
                <line number="134" hits="2" branch="false" />
                <line number="135" hits="2" branch="false" />
                <line number="136" hits="2" branch="false" />
                <line number="137" hits="3" branch="false" />
                <line number="138" hits="4" branch="false" />
              </lines>
            </method>
            <method name="DajStudenteIzPaviljona" signature="(...)" line-rate="1" branch-rate="1" complexity="4">
              <lines>
                <line number="141" hits="1" branch="false" />
                <line number="142" hits="1" branch="false" />
                <line number="143" hits="5" branch="true" condition-coverage="100% (2/2)" />
                <line number="144" hits="1" branch="false" />
                <line number="145" hits="1" branch="true" condition-coverage="100% (2/2)" />
                <line number="146" hits="1" branch="false" />
                <line number="147" hits="1" branch="false" />
                <line number="148" hits="1" branch="false" />
                <line number="149" hits="1" branch="false" />
              </lines>
            </method>
            <method name=".ctor" signature="(...)" line-rate="1" branch-rate="1" complexity="12">
              <lines>
                <line number="33" hits="13" branch="false" />
                <line number="34" hits="13" branch="false" />
                <line number="35" hits="13" branch="false" />
                <line number="36" hits="13" branch="false" />
                <line number="37" hits="476" branch="true" condition-coverage="100% (2/2)" />
                <line number="38" hits="225" branch="false" />
                <line number="39" hits="225" branch="false" />
                <line number="40" hits="225" branch="false" />
                <line number="41" hits="225" branch="true" condition-coverage="100% (6/6)" />
                <line number="42" hits="71" branch="false" />
                <line number="43" hits="71" branch="false" />
                <line number="44" hits="71" branch="false" />
                <line number="45" hits="71" branch="false" />
                <line number="46" hits="154" branch="true" condition-coverage="100% (4/4)" />
                <line number="47" hits="73" branch="false" />
                <line number="48" hits="73" branch="false" />
                <line number="49" hits="73" branch="false" />
                <line number="50" hits="73" branch="false" />
                <line number="51" hits="225" branch="false" />
                <line number="52" hits="225" branch="false" />
                <line number="53" hits="13" branch="false" />
              </lines>
            </method>
          </methods>
          <lines>
            <line number="21" hits="16" branch="false" />
            <line number="26" hits="256" branch="false" />
            <line number="33" hits="13" branch="false" />
            <line number="34" hits="13" branch="false" />
            <line number="35" hits="13" branch="false" />
            <line number="36" hits="13" branch="false" />
            <line number="37" hits="476" branch="true" condition-coverage="100% (2/2)" />
            <line number="38" hits="225" branch="false" />
            <line number="39" hits="225" branch="false" />
            <line number="40" hits="225" branch="false" />
            <line number="41" hits="225" branch="true" condition-coverage="100% (6/6)" />
            <line number="42" hits="71" branch="false" />
            <line number="43" hits="71" branch="false" />
            <line number="44" hits="71" branch="false" />
            <line number="45" hits="71" branch="false" />
            <line number="46" hits="154" branch="true" condition-coverage="100% (4/4)" />
            <line number="47" hits="73" branch="false" />
            <line number="48" hits="73" branch="false" />
            <line number="49" hits="73" branch="false" />
            <line number="50" hits="73" branch="false" />
            <line number="51" hits="225" branch="false" />
            <line number="52" hits="225" branch="false" />
            <line number="53" hits="13" branch="false" />
            <line number="60" hits="42" branch="false" />
            <line number="62" hits="42" branch="false" />
            <line number="63" hits="42" branch="false" />
            <line number="64" hits="42" branch="false" />
            <line number="65" hits="42" branch="false" />
            <line number="66" hits="42" branch="false" />
            <line number="69" hits="9" branch="false" />
            <line number="70" hits="9" branch="true" condition-coverage="100% (2/2)" />
            <line number="71" hits="5" branch="false" />
            <line number="72" hits="5" branch="true" condition-coverage="100% (2/2)" />
            <line number="73" hits="1" branch="false" />
            <line number="74" hits="4" branch="false" />
            <line number="75" hits="4" branch="false" />
            <line number="76" hits="4" branch="true" condition-coverage="100% (2/2)" />
            <line number="77" hits="2" branch="false" />
            <line number="78" hits="4" branch="false" />
            <line number="79" hits="2" branch="true" condition-coverage="100% (2/2)" />
            <line number="80" hits="1" branch="false" />
            <line number="81" hits="1" branch="false" />
            <line number="82" hits="1" branch="false" />
            <line number="83" hits="2" branch="true" condition-coverage="100% (2/2)" />
            <line number="84" hits="2" branch="false" />
            <line number="85" hits="3" branch="false" />
            <line number="86" hits="2" branch="true" condition-coverage="100% (2/2)" />
            <line number="87" hits="1" branch="false" />
            <line number="88" hits="1" branch="false" />
            <line number="89" hits="1" branch="false" />
            <line number="90" hits="6" branch="false" />
            <line number="93" hits="9" branch="false" />
            <line number="94" hits="18" branch="true" condition-coverage="100% (2/2)" />
            <line number="95" hits="9" branch="true" condition-coverage="100% (4/4)" />
            <line number="96" hits="1" branch="false" />
            <line number="97" hits="8" branch="true" condition-coverage="100% (2/2)" />
            <line number="98" hits="2" branch="false" />
            <line number="99" hits="4" branch="false" />
            <line number="100" hits="2" branch="true" condition-coverage="100% (2/2)" />
            <line number="101" hits="1" branch="false" />
            <line number="102" hits="1" branch="false" />
            <line number="103" hits="1" branch="false" />
            <line number="105" hits="6" branch="false" />
            <line number="106" hits="7" branch="false" />
            <line number="120" hits="4" branch="false" />
            <line number="121" hits="10" branch="false" />
            <line number="122" hits="4" branch="true" condition-coverage="100% (2/2)" />
            <line number="123" hits="1" branch="false" />
            <line number="124" hits="1" branch="false" />
            <line number="125" hits="1" branch="false" />
            <line number="127" hits="3" branch="false" />
            <line number="128" hits="3" branch="true" condition-coverage="100% (2/2)" />
            <line number="129" hits="1" branch="false" />
            <line number="130" hits="1" branch="false" />
            <line number="131" hits="1" branch="false" />
            <line number="132" hits="1" branch="false" />
            <line number="134" hits="2" branch="false" />
            <line number="135" hits="2" branch="false" />
            <line number="136" hits="2" branch="false" />
            <line number="137" hits="3" branch="false" />
            <line number="138" hits="4" branch="false" />
            <line number="141" hits="1" branch="false" />
            <line number="142" hits="1" branch="false" />
            <line number="143" hits="5" branch="true" condition-coverage="100% (2/2)" />
            <line number="144" hits="1" branch="false" />
            <line number="145" hits="1" branch="true" condition-coverage="100% (2/2)" />
            <line number="146" hits="1" branch="false" />
            <line number="147" hits="1" branch="false" />
            <line number="148" hits="1" branch="false" />
            <line number="149" hits="1" branch="false" />
          </lines>
        </class>
      </classes>
    </package>
    <package name="Unit Testovi" line-rate="0.9285714285714286" branch-rate="1" complexity="6">
      <classes>
        <class name="AutoGeneratedProgram" filename="C:\Users\Colakovic\.nuget\packages\microsoft.net.test.sdk\16.5.0\build\netcoreapp2.1\Microsoft.NET.Test.Sdk.Program.cs" line-rate="0" branch-rate="1" complexity="1">
          <methods>
            <method name="Main" signature="(...)" line-rate="0" branch-rate="1" complexity="1">
              <lines>
                <line number="4" hits="0" branch="false" />
              </lines>
            </method>
          </methods>
          <lines>
            <line number="4" hits="0" branch="false" />
          </lines>
        </class>
        <class name="Unit_Testovi.NoviTestovi" filename="C:\Users\Colakovic\Downloads\DomariZ2\VerifikacijaIValidacijaSoftvera-Vjezbe-z2-GrupaRS-2\Domari\Unit Testovi\NoviTestovi.cs" line-rate="0.9583333333333334" branch-rate="1" complexity="4">
          <methods>
            <method name="TestZamjenskiObjekat" signature="()" line-rate="1" branch-rate="1" complexity="1">
              <lines>
                <line number="28" hits="1" branch="false" />
                <line number="29" hits="1" branch="false" />
                <line number="31" hits="1" branch="false" />
                <line number="32" hits="1" branch="false" />
                <line number="33" hits="1" branch="false" />
                <line number="35" hits="1" branch="false" />
                <line number="37" hits="1" branch="false" />
                <line number="39" hits="1" branch="false" />
                <line number="41" hits="2" branch="false" />
                <line number="42" hits="1" branch="false" />
              </lines>
            </method>
            <method name="TestPrviCiklusStudija" signature="()" line-rate="1" branch-rate="1" complexity="1">
              <lines>
                <line number="50" hits="1" branch="false" />
                <line number="51" hits="1" branch="false" />
                <line number="53" hits="1" branch="false" />
                <line number="55" hits="1" branch="false" />
                <line number="56" hits="1" branch="false" />
              </lines>
            </method>
            <method name="TestDrugiCiklusStudija" signature="()" line-rate="1" branch-rate="1" complexity="1">
              <lines>
                <line number="60" hits="1" branch="false" />
                <line number="61" hits="1" branch="false" />
                <line number="63" hits="1" branch="false" />
                <line number="65" hits="1" branch="false" />
                <line number="66" hits="1" branch="false" />
              </lines>
            </method>
            <method name="TestNeispravniPodaci" signature="()" line-rate="0.75" branch-rate="1" complexity="1">
              <lines>
                <line number="71" hits="1" branch="false" />
                <line number="72" hits="1" branch="false" />
                <line number="74" hits="1" branch="false" />
                <line number="75" hits="0" branch="false" />
              </lines>
            </method>
          </methods>
          <lines>
            <line number="28" hits="1" branch="false" />
            <line number="29" hits="1" branch="false" />
            <line number="31" hits="1" branch="false" />
            <line number="32" hits="1" branch="false" />
            <line number="33" hits="1" branch="false" />
            <line number="35" hits="1" branch="false" />
            <line number="37" hits="1" branch="false" />
            <line number="39" hits="1" branch="false" />
            <line number="41" hits="2" branch="false" />
            <line number="42" hits="1" branch="false" />
            <line number="50" hits="1" branch="false" />
            <line number="51" hits="1" branch="false" />
            <line number="53" hits="1" branch="false" />
            <line number="55" hits="1" branch="false" />
            <line number="56" hits="1" branch="false" />
            <line number="60" hits="1" branch="false" />
            <line number="61" hits="1" branch="false" />
            <line number="63" hits="1" branch="false" />
            <line number="65" hits="1" branch="false" />
            <line number="66" hits="1" branch="false" />
            <line number="71" hits="1" branch="false" />
            <line number="72" hits="1" branch="false" />
            <line number="74" hits="1" branch="false" />
            <line number="75" hits="0" branch="false" />
          </lines>
        </class>
        <class name="Unit_Testovi.Paviljon" filename="C:\Users\Colakovic\Downloads\DomariZ2\VerifikacijaIValidacijaSoftvera-Vjezbe-z2-GrupaRS-2\Domari\Unit Testovi\NoviTestovi.cs" line-rate="1" branch-rate="1" complexity="1">
          <methods>
            <method name="DajImePaviljona" signature="()" line-rate="1" branch-rate="1" complexity="1">
              <lines>
                <line number="13" hits="1" branch="false" />
                <line number="14" hits="1" branch="false" />
                <line number="15" hits="1" branch="false" />
              </lines>
            </method>
          </methods>
          <lines>
            <line number="13" hits="1" branch="false" />
            <line number="14" hits="1" branch="false" />
            <line number="15" hits="1" branch="false" />
          </lines>
        </class>
      </classes>
    </package>
    <package name="UnitTestProject3" line-rate="0.9426934097421203" branch-rate="1" complexity="40">
      <classes>
        <class name="AutoGeneratedProgram" filename="C:\Users\Colakovic\.nuget\packages\microsoft.net.test.sdk\16.5.0\build\netcoreapp2.1\Microsoft.NET.Test.Sdk.Program.cs" line-rate="0" branch-rate="1" complexity="1">
          <methods>
            <method name="Main" signature="(...)" line-rate="0" branch-rate="1" complexity="1">
              <lines>
                <line number="4" hits="0" branch="false" />
              </lines>
            </method>
          </methods>
          <lines>
            <line number="4" hits="0" branch="false" />
          </lines>
        </class>
        <class name="UnitTestProject3.UnitTest1" filename="C:\Users\Colakovic\Downloads\DomariZ2\VerifikacijaIValidacijaSoftvera-Vjezbe-z2-GrupaRS-2\Domari\UnitTestProject3\UnitTest1.cs" line-rate="0.9454022988505747" branch-rate="1" complexity="39">
          <methods>
            <method name="TestPromjenaSobeUStudentskomDomuIzbacivanjeSvihStudenata" signature="()" line-rate="1" branch-rate="1" complexity="1">
              <lines>
                <line number="14" hits="1" branch="false" />
                <line number="15" hits="1" branch="false" />
                <line number="16" hits="1" branch="false" />
                <line number="18" hits="1" branch="false" />
                <line number="19" hits="1" branch="false" />
              </lines>
            </method>
            <method name="TestPromjenaSobeUStudentskomDomu" signature="()" line-rate="1" branch-rate="1" complexity="1">
              <lines>
                <line number="24" hits="1" branch="false" />
                <line number="25" hits="1" branch="false" />
                <line number="26" hits="1" branch="false" />
                <line number="28" hits="1" branch="false" />
                <line number="29" hits="1" branch="false" />
              </lines>
            </method>
            <method name="TestPromjenaSobeUStudentskomDomuIzbacivanjeNekolikoStudenata" signature="()" line-rate="1" branch-rate="1" complexity="1">
              <lines>
                <line number="34" hits="1" branch="false" />
                <line number="35" hits="1" branch="false" />
                <line number="36" hits="1" branch="false" />
                <line number="37" hits="1" branch="false" />
                <line number="38" hits="1" branch="false" />
                <line number="39" hits="1" branch="false" />
                <line number="40" hits="1" branch="false" />
                <line number="41" hits="1" branch="false" />
                <line number="42" hits="1" branch="false" />
                <line number="43" hits="1" branch="false" />
                <line number="44" hits="1" branch="false" />
                <line number="45" hits="1" branch="false" />
                <line number="46" hits="1" branch="false" />
                <line number="48" hits="1" branch="false" />
                <line number="49" hits="1" branch="false" />
                <line number="50" hits="1" branch="false" />
                <line number="51" hits="1" branch="false" />
                <line number="52" hits="1" branch="false" />
                <line number="53" hits="1" branch="false" />
                <line number="54" hits="1" branch="false" />
                <line number="55" hits="1" branch="false" />
              </lines>
            </method>
            <method name="TestPromjenaSamoCiklusa" signature="()" line-rate="1" branch-rate="1" complexity="1">
              <lines>
                <line number="60" hits="1" branch="false" />
                <line number="61" hits="1" branch="false" />
                <line number="62" hits="1" branch="false" />
                <line number="63" hits="1" branch="false" />
                <line number="65" hits="1" branch="false" />
                <line number="66" hits="1" branch="false" />
                <line number="67" hits="1" branch="false" />
                <line number="68" hits="1" branch="false" />
                <line number="69" hits="1" branch="false" />
                <line number="70" hits="1" branch="false" />
                <line number="71" hits="1" branch="false" />
              </lines>
            </method>
            <method name="TestPromjenaSamoFakulteta" signature="()" line-rate="1" branch-rate="1" complexity="1">
              <lines>
                <line number="76" hits="1" branch="false" />
                <line number="77" hits="1" branch="false" />
                <line number="78" hits="1" branch="false" />
                <line number="79" hits="1" branch="false" />
                <line number="81" hits="1" branch="false" />
                <line number="82" hits="1" branch="false" />
                <line number="83" hits="1" branch="false" />
                <line number="84" hits="1" branch="false" />
                <line number="85" hits="1" branch="false" />
                <line number="86" hits="1" branch="false" />
                <line number="87" hits="1" branch="false" />
              </lines>
            </method>
            <method name="TestPromjenaSamoGodine" signature="()" line-rate="1" branch-rate="1" complexity="1">
              <lines>
                <line number="92" hits="1" branch="false" />
                <line number="93" hits="1" branch="false" />
                <line number="94" hits="1" branch="false" />
                <line number="95" hits="1" branch="false" />
                <line number="97" hits="1" branch="false" />
                <line number="98" hits="1" branch="false" />
                <line number="99" hits="1" branch="false" />
                <line number="100" hits="1" branch="false" />
                <line number="101" hits="1" branch="false" />
                <line number="102" hits="1" branch="false" />
                <line number="103" hits="1" branch="false" />
              </lines>
            </method>
            <method name="TestKorisnikPromjenaBrojaSobe" signature="()" line-rate="1" branch-rate="1" complexity="1">
              <lines>
                <line number="108" hits="1" branch="false" />
                <line number="109" hits="1" branch="false" />
                <line number="110" hits="1" branch="false" />
                <line number="111" hits="1" branch="false" />
                <line number="112" hits="1" branch="false" />
                <line number="113" hits="1" branch="false" />
                <line number="114" hits="1" branch="false" />
                <line number="115" hits="1" branch="false" />
                <line number="116" hits="1" branch="false" />
                <line number="117" hits="1" branch="false" />
                <line number="118" hits="1" branch="false" />
                <line number="119" hits="1" branch="false" />
                <line number="121" hits="1" branch="false" />
                <line number="122" hits="1" branch="false" />
                <line number="123" hits="1" branch="false" />
                <line number="124" hits="1" branch="false" />
              </lines>
            </method>
            <method name="TestKorisnikPromjenaBrojaSobeSaIzbacivanjem" signature="()" line-rate="1" branch-rate="1" complexity="1">
              <lines>
                <line number="129" hits="1" branch="false" />
                <line number="130" hits="1" branch="false" />
                <line number="131" hits="1" branch="false" />
                <line number="132" hits="1" branch="false" />
                <line number="133" hits="1" branch="false" />
                <line number="134" hits="1" branch="false" />
                <line number="135" hits="1" branch="false" />
                <line number="136" hits="1" branch="false" />
                <line number="137" hits="1" branch="false" />
                <line number="138" hits="1" branch="false" />
                <line number="139" hits="1" branch="false" />
                <line number="140" hits="1" branch="false" />
                <line number="141" hits="1" branch="false" />
                <line number="142" hits="1" branch="false" />
                <line number="143" hits="1" branch="false" />
                <line number="144" hits="1" branch="false" />
                <line number="145" hits="1" branch="false" />
              </lines>
            </method>
            <method name="TestKorisnikPromjenaBrojaSobeSaBrojemSobeNeispravnim" signature="()" line-rate="0.9285714285714286" branch-rate="1" complexity="1">
              <lines>
                <line number="152" hits="1" branch="false" />
                <line number="153" hits="1" branch="false" />
                <line number="154" hits="1" branch="false" />
                <line number="155" hits="1" branch="false" />
                <line number="156" hits="1" branch="false" />
                <line number="157" hits="1" branch="false" />
                <line number="158" hits="1" branch="false" />
                <line number="159" hits="1" branch="false" />
                <line number="160" hits="1" branch="false" />
                <line number="161" hits="1" branch="false" />
                <line number="162" hits="1" branch="false" />
                <line number="163" hits="1" branch="false" />
                <line number="165" hits="1" branch="false" />
                <line number="166" hits="0" branch="false" />
              </lines>
            </method>
            <method name="TestKorisnikPromjenaPasswordaNoException" signature="()" line-rate="1" branch-rate="1" complexity="1">
              <lines>
                <line number="172" hits="1" branch="false" />
                <line number="173" hits="1" branch="false" />
                <line number="174" hits="1" branch="false" />
                <line number="175" hits="1" branch="false" />
                <line number="177" hits="1" branch="false" />
                <line number="178" hits="1" branch="false" />
              </lines>
            </method>
            <method name="TestKorisnikPromjenaPasswordaWithException" signature="()" line-rate="0.8333333333333334" branch-rate="1" complexity="1">
              <lines>
                <line number="184" hits="1" branch="false" />
                <line number="185" hits="1" branch="false" />
                <line number="186" hits="1" branch="false" />
                <line number="187" hits="1" branch="false" />
                <line number="189" hits="1" branch="false" />
                <line number="190" hits="0" branch="false" />
              </lines>
            </method>
            <method name="TestKorisnikKlaseKadJeSveUredu" signature="()" line-rate="1" branch-rate="1" complexity="1">
              <lines>
                <line number="199" hits="1" branch="false" />
                <line number="200" hits="1" branch="false" />
                <line number="201" hits="1" branch="false" />
                <line number="202" hits="1" branch="false" />
                <line number="204" hits="1" branch="false" />
                <line number="205" hits="1" branch="false" />
              </lines>
            </method>
            <method name="TestKorisnikKlaseUsernamePrazan" signature="()" line-rate="0.8" branch-rate="1" complexity="1">
              <lines>
                <line number="211" hits="1" branch="false" />
                <line number="212" hits="1" branch="false" />
                <line number="213" hits="1" branch="false" />
                <line number="214" hits="1" branch="false" />
                <line number="215" hits="0" branch="false" />
              </lines>
            </method>
            <method name="TestKorisnikKlasePasswordPrazan" signature="()" line-rate="0.8" branch-rate="1" complexity="1">
              <lines>
                <line number="221" hits="1" branch="false" />
                <line number="223" hits="1" branch="false" />
                <line number="224" hits="1" branch="false" />
                <line number="225" hits="1" branch="false" />
                <line number="226" hits="0" branch="false" />
              </lines>
            </method>
            <method name="TestLicniPodaciKlasa" signature="()" line-rate="1" branch-rate="1" complexity="1">
              <lines>
                <line number="232" hits="1" branch="false" />
                <line number="234" hits="1" branch="false" />
                <line number="235" hits="1" branch="false" />
                <line number="236" hits="1" branch="false" />
                <line number="237" hits="1" branch="false" />
                <line number="238" hits="1" branch="false" />
                <line number="239" hits="1" branch="false" />
                <line number="240" hits="1" branch="false" />
                <line number="241" hits="1" branch="false" />
                <line number="242" hits="1" branch="false" />
                <line number="243" hits="1" branch="false" />
                <line number="244" hits="1" branch="false" />
                <line number="245" hits="1" branch="false" />
                <line number="246" hits="1" branch="false" />
              </lines>
            </method>
            <method name="TestLicniPodaciKlasaImeNeispravno" signature="()" line-rate="0.75" branch-rate="1" complexity="1">
              <lines>
                <line number="252" hits="1" branch="false" />
                <line number="253" hits="1" branch="false" />
                <line number="254" hits="1" branch="false" />
                <line number="255" hits="0" branch="false" />
              </lines>
            </method>
            <method name="TestLicniPodaciKlasaPrezimeNeispravno" signature="()" line-rate="0.75" branch-rate="1" complexity="1">
              <lines>
                <line number="261" hits="1" branch="false" />
                <line number="262" hits="1" branch="false" />
                <line number="263" hits="1" branch="false" />
                <line number="264" hits="0" branch="false" />
              </lines>
            </method>
            <method name="TestLicniPodaciKlasaMjestoRodenjaPrazno" signature="()" line-rate="0.75" branch-rate="1" complexity="1">
              <lines>
                <line number="270" hits="1" branch="false" />
                <line number="271" hits="1" branch="false" />
                <line number="272" hits="1" branch="false" />
                <line number="273" hits="0" branch="false" />
              </lines>
            </method>
            <method name="TestLicniPodaciKlasaEmailPrazan" signature="()" line-rate="0.75" branch-rate="1" complexity="1">
              <lines>
                <line number="280" hits="1" branch="false" />
                <line number="281" hits="1" branch="false" />
                <line number="282" hits="1" branch="false" />
                <line number="283" hits="0" branch="false" />
              </lines>
            </method>
            <method name="TestLicniPodaciKlasaJMBGPrazan" signature="()" line-rate="0.75" branch-rate="1" complexity="1">
              <lines>
                <line number="289" hits="1" branch="false" />
                <line number="290" hits="1" branch="false" />
                <line number="291" hits="1" branch="false" />
                <line number="292" hits="0" branch="false" />
              </lines>
            </method>
            <method name="TestLicniPodaciKlasaNeispravanDatum" signature="()" line-rate="0.75" branch-rate="1" complexity="1">
              <lines>
                <line number="298" hits="1" branch="false" />
                <line number="299" hits="1" branch="false" />
                <line number="300" hits="1" branch="false" />
                <line number="301" hits="0" branch="false" />
              </lines>
            </method>
            <method name="TestSkolovanjeKlasa" signature="()" line-rate="1" branch-rate="1" complexity="1">
              <lines>
                <line number="308" hits="1" branch="false" />
                <line number="309" hits="1" branch="false" />
                <line number="310" hits="1" branch="false" />
                <line number="311" hits="1" branch="false" />
                <line number="312" hits="1" branch="false" />
              </lines>
            </method>
            <method name="TestSkolovanjeKlasaException" signature="()" line-rate="0.75" branch-rate="1" complexity="1">
              <lines>
                <line number="318" hits="1" branch="false" />
                <line number="319" hits="1" branch="false" />
                <line number="320" hits="1" branch="false" />
                <line number="321" hits="0" branch="false" />
              </lines>
            </method>
            <method name="TestSobaKlasaException1" signature="()" line-rate="0.9230769230769231" branch-rate="1" complexity="1">
              <lines>
                <line number="328" hits="1" branch="false" />
                <line number="329" hits="1" branch="false" />
                <line number="330" hits="1" branch="false" />
                <line number="331" hits="1" branch="false" />
                <line number="332" hits="1" branch="false" />
                <line number="333" hits="1" branch="false" />
                <line number="334" hits="1" branch="false" />
                <line number="335" hits="1" branch="false" />
                <line number="336" hits="1" branch="false" />
                <line number="337" hits="1" branch="false" />
                <line number="338" hits="1" branch="false" />
                <line number="339" hits="1" branch="false" />
                <line number="340" hits="0" branch="false" />
              </lines>
            </method>
            <method name="TestSobaKlasaException2" signature="()" line-rate="0.9230769230769231" branch-rate="1" complexity="1">
              <lines>
                <line number="346" hits="1" branch="false" />
                <line number="347" hits="1" branch="false" />
                <line number="348" hits="1" branch="false" />
                <line number="349" hits="1" branch="false" />
                <line number="350" hits="1" branch="false" />
                <line number="351" hits="1" branch="false" />
                <line number="352" hits="1" branch="false" />
                <line number="353" hits="1" branch="false" />
                <line number="354" hits="1" branch="false" />
                <line number="355" hits="1" branch="false" />
                <line number="356" hits="1" branch="false" />
                <line number="357" hits="1" branch="false" />
                <line number="358" hits="0" branch="false" />
              </lines>
            </method>
            <method name="TestSobaKlasaIzbaciStudenta" signature="()" line-rate="1" branch-rate="1" complexity="1">
              <lines>
                <line number="363" hits="1" branch="false" />
                <line number="364" hits="1" branch="false" />
                <line number="365" hits="1" branch="false" />
                <line number="366" hits="1" branch="false" />
                <line number="367" hits="1" branch="false" />
                <line number="368" hits="1" branch="false" />
                <line number="369" hits="1" branch="false" />
                <line number="370" hits="1" branch="false" />
                <line number="371" hits="1" branch="false" />
                <line number="372" hits="1" branch="false" />
                <line number="373" hits="1" branch="false" />
                <line number="374" hits="1" branch="false" />
              </lines>
            </method>
            <method name="TestStudentKlasaAzuriranjeRacuna" signature="()" line-rate="1" branch-rate="1" complexity="1">
              <lines>
                <line number="380" hits="1" branch="false" />
                <line number="381" hits="1" branch="false" />
                <line number="382" hits="1" branch="false" />
                <line number="383" hits="1" branch="false" />
                <line number="384" hits="1" branch="false" />
                <line number="385" hits="1" branch="false" />
                <line number="386" hits="1" branch="false" />
              </lines>
            </method>
            <method name="TestStudentKlasaLicniPodaci" signature="()" line-rate="1" branch-rate="1" complexity="1">
              <lines>
                <line number="391" hits="1" branch="false" />
                <line number="392" hits="1" branch="false" />
                <line number="393" hits="1" branch="false" />
                <line number="394" hits="1" branch="false" />
                <line number="395" hits="1" branch="false" />
                <line number="396" hits="1" branch="false" />
              </lines>
            </method>
            <method name="TestStudentKlasaPrebivaliste" signature="()" line-rate="1" branch-rate="1" complexity="1">
              <lines>
                <line number="401" hits="1" branch="false" />
                <line number="402" hits="1" branch="false" />
                <line number="403" hits="1" branch="false" />
                <line number="404" hits="1" branch="false" />
                <line number="405" hits="1" branch="false" />
                <line number="406" hits="1" branch="false" />
                <line number="407" hits="1" branch="false" />
                <line number="408" hits="1" branch="false" />
              </lines>
            </method>
            <method name="TestStudentskiDomKlasaRadSaStudentom1" signature="()" line-rate="1" branch-rate="1" complexity="1">
              <lines>
                <line number="414" hits="1" branch="false" />
                <line number="415" hits="1" branch="false" />
                <line number="416" hits="1" branch="false" />
                <line number="417" hits="1" branch="false" />
                <line number="418" hits="1" branch="false" />
                <line number="419" hits="1" branch="false" />
                <line number="420" hits="1" branch="false" />
                <line number="421" hits="1" branch="false" />
                <line number="422" hits="1" branch="false" />
                <line number="423" hits="1" branch="false" />
              </lines>
            </method>
            <method name="TestStudentskiDomKlasaRadSaStudentom2" signature="()" line-rate="1" branch-rate="1" complexity="1">
              <lines>
                <line number="428" hits="1" branch="false" />
                <line number="429" hits="1" branch="false" />
                <line number="430" hits="1" branch="false" />
                <line number="431" hits="1" branch="false" />
                <line number="432" hits="1" branch="false" />
                <line number="433" hits="1" branch="false" />
                <line number="434" hits="1" branch="false" />
                <line number="435" hits="1" branch="false" />
                <line number="436" hits="1" branch="false" />
                <line number="437" hits="1" branch="false" />
                <line number="438" hits="1" branch="false" />
              </lines>
            </method>
            <method name="TestStudentskiDomKlasaRadSaStudentom3" signature="()" line-rate="1" branch-rate="1" complexity="1">
[...]
            <line number="19" hits="1" branch="false" />
            <line number="24" hits="1" branch="false" />
            <line number="25" hits="1" branch="false" />
            <line number="26" hits="1" branch="false" />
            <line number="28" hits="1" branch="false" />
            <line number="29" hits="1" branch="false" />
            <line number="34" hits="1" branch="false" />
            <line number="35" hits="1" branch="false" />
            <line number="36" hits="1" branch="false" />
            <line number="37" hits="1" branch="false" />
            <line number="38" hits="1" branch="false" />
            <line number="39" hits="1" branch="false" />
            <line number="40" hits="1" branch="false" />
            <line number="41" hits="1" branch="false" />
            <line number="42" hits="1" branch="false" />
            <line number="43" hits="1" branch="false" />
            <line number="44" hits="1" branch="false" />
            <line number="45" hits="1" branch="false" />
            <line number="46" hits="1" branch="false" />
            <line number="48" hits="1" branch="false" />
            <line number="49" hits="1" branch="false" />
            <line number="50" hits="1" branch="false" />
            <line number="51" hits="1" branch="false" />
            <line number="52" hits="1" branch="false" />
            <line number="53" hits="1" branch="false" />
            <line number="54" hits="1" branch="false" />
            <line number="55" hits="1" branch="false" />
            <line number="60" hits="1" branch="false" />
            <line number="61" hits="1" branch="false" />
            <line number="62" hits="1" branch="false" />
            <line number="63" hits="1" branch="false" />
            <line number="65" hits="1" branch="false" />
            <line number="66" hits="1" branch="false" />
            <line number="67" hits="1" branch="false" />
            <line number="68" hits="1" branch="false" />
            <line number="69" hits="1" branch="false" />
            <line number="70" hits="1" branch="false" />
            <line number="71" hits="1" branch="false" />
            <line number="76" hits="1" branch="false" />
            <line number="77" hits="1" branch="false" />
            <line number="78" hits="1" branch="false" />
            <line number="79" hits="1" branch="false" />
            <line number="81" hits="1" branch="false" />
            <line number="82" hits="1" branch="false" />
            <line number="83" hits="1" branch="false" />
            <line number="84" hits="1" branch="false" />
            <line number="85" hits="1" branch="false" />
            <line number="86" hits="1" branch="false" />
            <line number="87" hits="1" branch="false" />
            <line number="92" hits="1" branch="false" />
            <line number="93" hits="1" branch="false" />
            <line number="94" hits="1" branch="false" />
            <line number="95" hits="1" branch="false" />
            <line number="97" hits="1" branch="false" />
            <line number="98" hits="1" branch="false" />
            <line number="99" hits="1" branch="false" />
            <line number="100" hits="1" branch="false" />
            <line number="101" hits="1" branch="false" />
            <line number="102" hits="1" branch="false" />
            <line number="103" hits="1" branch="false" />
            <line number="108" hits="1" branch="false" />
            <line number="109" hits="1" branch="false" />
            <line number="110" hits="1" branch="false" />
            <line number="111" hits="1" branch="false" />
            <line number="112" hits="1" branch="false" />
            <line number="113" hits="1" branch="false" />
            <line number="114" hits="1" branch="false" />
            <line number="115" hits="1" branch="false" />
            <line number="116" hits="1" branch="false" />
            <line number="117" hits="1" branch="false" />
            <line number="118" hits="1" branch="false" />
            <line number="119" hits="1" branch="false" />
            <line number="121" hits="1" branch="false" />
            <line number="122" hits="1" branch="false" />
            <line number="123" hits="1" branch="false" />
            <line number="124" hits="1" branch="false" />
            <line number="129" hits="1" branch="false" />
            <line number="130" hits="1" branch="false" />
            <line number="131" hits="1" branch="false" />
            <line number="132" hits="1" branch="false" />
            <line number="133" hits="1" branch="false" />
            <line number="134" hits="1" branch="false" />
            <line number="135" hits="1" branch="false" />
            <line number="136" hits="1" branch="false" />
            <line number="137" hits="1" branch="false" />
            <line number="138" hits="1" branch="false" />
            <line number="139" hits="1" branch="false" />
            <line number="140" hits="1" branch="false" />
            <line number="141" hits="1" branch="false" />
            <line number="142" hits="1" branch="false" />
            <line number="143" hits="1" branch="false" />
            <line number="144" hits="1" branch="false" />
            <line number="145" hits="1" branch="false" />
            <line number="152" hits="1" branch="false" />
            <line number="153" hits="1" branch="false" />
            <line number="154" hits="1" branch="false" />
            <line number="155" hits="1" branch="false" />
            <line number="156" hits="1" branch="false" />
            <line number="157" hits="1" branch="false" />
            <line number="158" hits="1" branch="false" />
            <line number="159" hits="1" branch="false" />
            <line number="160" hits="1" branch="false" />
            <line number="161" hits="1" branch="false" />
            <line number="162" hits="1" branch="false" />
            <line number="163" hits="1" branch="false" />
            <line number="165" hits="1" branch="false" />
            <line number="166" hits="0" branch="false" />
            <line number="172" hits="1" branch="false" />
            <line number="173" hits="1" branch="false" />
            <line number="174" hits="1" branch="false" />
            <line number="175" hits="1" branch="false" />
            <line number="177" hits="1" branch="false" />
            <line number="178" hits="1" branch="false" />
            <line number="184" hits="1" branch="false" />
            <line number="185" hits="1" branch="false" />
            <line number="186" hits="1" branch="false" />
            <line number="187" hits="1" branch="false" />
            <line number="189" hits="1" branch="false" />
            <line number="190" hits="0" branch="false" />
            <line number="199" hits="1" branch="false" />
            <line number="200" hits="1" branch="false" />
            <line number="201" hits="1" branch="false" />
            <line number="202" hits="1" branch="false" />
            <line number="204" hits="1" branch="false" />
            <line number="205" hits="1" branch="false" />
            <line number="211" hits="1" branch="false" />
            <line number="212" hits="1" branch="false" />
            <line number="213" hits="1" branch="false" />
            <line number="214" hits="1" branch="false" />
            <line number="215" hits="0" branch="false" />
            <line number="221" hits="1" branch="false" />
            <line number="223" hits="1" branch="false" />
            <line number="224" hits="1" branch="false" />
            <line number="225" hits="1" branch="false" />
            <line number="226" hits="0" branch="false" />
            <line number="232" hits="1" branch="false" />
            <line number="234" hits="1" branch="false" />
            <line number="235" hits="1" branch="false" />
            <line number="236" hits="1" branch="false" />
            <line number="237" hits="1" branch="false" />
            <line number="238" hits="1" branch="false" />
            <line number="239" hits="1" branch="false" />
            <line number="240" hits="1" branch="false" />
            <line number="241" hits="1" branch="false" />
            <line number="242" hits="1" branch="false" />
            <line number="243" hits="1" branch="false" />
            <line number="244" hits="1" branch="false" />
            <line number="245" hits="1" branch="false" />
            <line number="246" hits="1" branch="false" />
            <line number="252" hits="1" branch="false" />
            <line number="253" hits="1" branch="false" />
            <line number="254" hits="1" branch="false" />
            <line number="255" hits="0" branch="false" />
            <line number="261" hits="1" branch="false" />
            <line number="262" hits="1" branch="false" />
            <line number="263" hits="1" branch="false" />
            <line number="264" hits="0" branch="false" />
            <line number="270" hits="1" branch="false" />
            <line number="271" hits="1" branch="false" />
            <line number="272" hits="1" branch="false" />
            <line number="273" hits="0" branch="false" />
            <line number="280" hits="1" branch="false" />
            <line number="281" hits="1" branch="false" />
            <line number="282" hits="1" branch="false" />
            <line number="283" hits="0" branch="false" />
            <line number="289" hits="1" branch="false" />
            <line number="290" hits="1" branch="false" />
            <line number="291" hits="1" branch="false" />
            <line number="292" hits="0" branch="false" />
            <line number="298" hits="1" branch="false" />
            <line number="299" hits="1" branch="false" />
            <line number="300" hits="1" branch="false" />
            <line number="301" hits="0" branch="false" />
            <line number="308" hits="1" branch="false" />
            <line number="309" hits="1" branch="false" />
            <line number="310" hits="1" branch="false" />
            <line number="311" hits="1" branch="false" />
            <line number="312" hits="1" branch="false" />
            <line number="318" hits="1" branch="false" />
            <line number="319" hits="1" branch="false" />
            <line number="320" hits="1" branch="false" />
            <line number="321" hits="0" branch="false" />
            <line number="328" hits="1" branch="false" />
            <line number="329" hits="1" branch="false" />
            <line number="330" hits="1" branch="false" />
            <line number="331" hits="1" branch="false" />
            <line number="332" hits="1" branch="false" />
            <line number="333" hits="1" branch="false" />
            <line number="334" hits="1" branch="false" />
            <line number="335" hits="1" branch="false" />
            <line number="336" hits="1" branch="false" />
            <line number="337" hits="1" branch="false" />
            <line number="338" hits="1" branch="false" />
            <line number="339" hits="1" branch="false" />
            <line number="340" hits="0" branch="false" />
            <line number="346" hits="1" branch="false" />
            <line number="347" hits="1" branch="false" />
            <line number="348" hits="1" branch="false" />
            <line number="349" hits="1" branch="false" />
            <line number="350" hits="1" branch="false" />
            <line number="351" hits="1" branch="false" />
            <line number="352" hits="1" branch="false" />
            <line number="353" hits="1" branch="false" />
            <line number="354" hits="1" branch="false" />
            <line number="355" hits="1" branch="false" />
            <line number="356" hits="1" branch="false" />
            <line number="357" hits="1" branch="false" />
            <line number="358" hits="0" branch="false" />
            <line number="363" hits="1" branch="false" />
            <line number="364" hits="1" branch="false" />
            <line number="365" hits="1" branch="false" />
            <line number="366" hits="1" branch="false" />
            <line number="367" hits="1" branch="false" />
            <line number="368" hits="1" branch="false" />
            <line number="369" hits="1" branch="false" />
            <line number="370" hits="1" branch="false" />
            <line number="371" hits="1" branch="false" />
            <line number="372" hits="1" branch="false" />
            <line number="373" hits="1" branch="false" />
            <line number="374" hits="1" branch="false" />
            <line number="380" hits="1" branch="false" />
            <line number="381" hits="1" branch="false" />
            <line number="382" hits="1" branch="false" />
            <line number="383" hits="1" branch="false" />
            <line number="384" hits="1" branch="false" />
            <line number="385" hits="1" branch="false" />
            <line number="386" hits="1" branch="false" />
            <line number="391" hits="1" branch="false" />
            <line number="392" hits="1" branch="false" />
            <line number="393" hits="1" branch="false" />
            <line number="394" hits="1" branch="false" />
            <line number="395" hits="1" branch="false" />
            <line number="396" hits="1" branch="false" />
            <line number="401" hits="1" branch="false" />
            <line number="402" hits="1" branch="false" />
            <line number="403" hits="1" branch="false" />
            <line number="404" hits="1" branch="false" />
            <line number="405" hits="1" branch="false" />
            <line number="406" hits="1" branch="false" />
            <line number="407" hits="1" branch="false" />
            <line number="408" hits="1" branch="false" />
            <line number="414" hits="1" branch="false" />
            <line number="415" hits="1" branch="false" />
            <line number="416" hits="1" branch="false" />
            <line number="417" hits="1" branch="false" />
            <line number="418" hits="1" branch="false" />
            <line number="419" hits="1" branch="false" />
            <line number="420" hits="1" branch="false" />
            <line number="421" hits="1" branch="false" />
            <line number="422" hits="1" branch="false" />
            <line number="423" hits="1" branch="false" />
            <line number="428" hits="1" branch="false" />
            <line number="429" hits="1" branch="false" />
            <line number="430" hits="1" branch="false" />
            <line number="431" hits="1" branch="false" />
            <line number="432" hits="1" branch="false" />
            <line number="433" hits="1" branch="false" />
            <line number="434" hits="1" branch="false" />
            <line number="435" hits="1" branch="false" />
            <line number="436" hits="1" branch="false" />
            <line number="437" hits="1" branch="false" />
            <line number="438" hits="1" branch="false" />
            <line number="443" hits="1" branch="false" />
            <line number="444" hits="1" branch="false" />
            <line number="445" hits="1" branch="false" />
            <line number="446" hits="1" branch="false" />
            <line number="447" hits="1" branch="false" />
            <line number="448" hits="1" branch="false" />
            <line number="449" hits="1" branch="false" />
            <line number="450" hits="1" branch="false" />
            <line number="451" hits="1" branch="false" />
            <line number="452" hits="1" branch="false" />
            <line number="453" hits="1" branch="false" />
            <line number="458" hits="1" branch="false" />
            <line number="459" hits="1" branch="false" />
            <line number="460" hits="1" branch="false" />
            <line number="461" hits="1" branch="false" />
            <line number="462" hits="1" branch="false" />
            <line number="463" hits="1" branch="false" />
            <line number="464" hits="1" branch="false" />
            <line number="465" hits="1" branch="false" />
            <line number="466" hits="1" branch="false" />
            <line number="467" hits="1" branch="false" />
            <line number="468" hits="1" branch="false" />
            <line number="469" hits="1" branch="false" />
            <line number="475" hits="1" branch="false" />
            <line number="476" hits="1" branch="false" />
            <line number="477" hits="1" branch="false" />
            <line number="478" hits="1" branch="false" />
            <line number="479" hits="1" branch="false" />
            <line number="480" hits="1" branch="false" />
            <line number="481" hits="1" branch="false" />
            <line number="482" hits="1" branch="false" />
            <line number="483" hits="1" branch="false" />
            <line number="484" hits="0" branch="false" />
            <line number="490" hits="1" branch="false" />
            <line number="491" hits="1" branch="false" />
            <line number="492" hits="1" branch="false" />
            <line number="493" hits="1" branch="false" />
            <line number="494" hits="1" branch="false" />
            <line number="495" hits="1" branch="false" />
            <line number="496" hits="1" branch="false" />
            <line number="497" hits="1" branch="false" />
            <line number="498" hits="1" branch="false" />
            <line number="499" hits="0" branch="false" />
            <line number="506" hits="1" branch="false" />
            <line number="507" hits="1" branch="false" />
            <line number="508" hits="1" branch="false" />
            <line number="509" hits="1" branch="false" />
            <line number="510" hits="1" branch="false" />
            <line number="511" hits="1" branch="false" />
            <line number="512" hits="1" branch="false" />
            <line number="513" hits="1" branch="false" />
            <line number="514" hits="0" branch="false" />
            <line number="521" hits="1" branch="false" />
            <line number="522" hits="1" branch="false" />
            <line number="523" hits="1" branch="false" />
            <line number="524" hits="1" branch="false" />
            <line number="525" hits="1" branch="false" />
            <line number="526" hits="1" branch="false" />
            <line number="527" hits="1" branch="false" />
            <line number="528" hits="1" branch="false" />
            <line number="529" hits="1" branch="false" />
            <line number="530" hits="1" branch="false" />
            <line number="531" hits="1" branch="false" />
            <line number="532" hits="1" branch="false" />
            <line number="533" hits="0" branch="false" />
            <line number="539" hits="1" branch="false" />
            <line number="540" hits="1" branch="false" />
            <line number="541" hits="1" branch="false" />
            <line number="542" hits="1" branch="false" />
            <line number="543" hits="1" branch="false" />
            <line number="544" hits="1" branch="false" />
            <line number="545" hits="1" branch="false" />
            <line number="546" hits="1" branch="false" />
            <line number="547" hits="1" branch="false" />
            <line number="548" hits="1" branch="false" />
            <line number="549" hits="1" branch="false" />
            <line number="550" hits="1" branch="false" />
            <line number="551" hits="0" branch="false" />
            <line number="558" hits="1" branch="false" />
            <line number="559" hits="1" branch="false" />
            <line number="560" hits="1" branch="false" />
            <line number="561" hits="0" branch="false" />
          </lines>
        </class>
      </classes>
    </package>
  </packages>
</coverage>